<?xml version="1.0" encoding="UTF-8"?>
<!-- Generated by org.testng.reporters.JUnitXMLReporter -->
<testsuite hostname="kiv-wks-tt136" ignored="0" tests="3" failures="1" timestamp="2019-05-13T10:52:35 EEST" time="42.292" errors="0">
  <testcase name="AccountCreation" time="10.963" classname="MainPageTest">
    <failure type="org.openqa.selenium.TimeoutException" message="Expected condition failed: waiting for presence of element located by: By.xpath: //button[@class=&amp;apos;layout-btn register-button btn-wrapper dark-background btn btn-null btn-m&amp;apos;] (tried for 10 second(s) with 500 milliseconds interval)">
      <![CDATA[org.openqa.selenium.TimeoutException: Expected condition failed: waiting for presence of element located by: By.xpath: //button[@class='layout-btn register-button btn-wrapper dark-background btn btn-null btn-m'] (tried for 10 second(s) with 500 milliseconds interval)
at org.openqa.selenium.support.ui.WebDriverWait.timeoutException(WebDriverWait.java:113)
at org.openqa.selenium.support.ui.FluentWait.until(FluentWait.java:283)
at pages.MainPage.accountCreation(MainPage.java:93)
at MainPageTest.AccountCreation(MainPageTest.java:52)
Caused by: org.openqa.selenium.NoSuchElementException: Cannot locate an element using By.xpath: //button[@class='layout-btn register-button btn-wrapper dark-background btn btn-null btn-m']
For documentation on this error, please visit: http://seleniumhq.org/exceptions/no_such_element.html
Build info: version: '3.14.0', revision: 'aacccce0', time: '2018-08-02T20:19:58.91Z'
System info: host: 'KIV-WKS-TT136', ip: '172.16.39.194', os.name: 'Windows 10', os.arch: 'amd64', os.version: '10.0', java.version: '1.8.0_201'
Driver info: driver.version: unknown
at org.openqa.selenium.support.ui.ExpectedConditions.lambda$findElement$0(ExpectedConditions.java:896)
at java.util.Optional.orElseThrow(Optional.java:290)
at org.openqa.selenium.support.ui.ExpectedConditions.findElement(ExpectedConditions.java:895)
at org.openqa.selenium.support.ui.ExpectedConditions.access$000(ExpectedConditions.java:44)
at org.openqa.selenium.support.ui.ExpectedConditions$6.apply(ExpectedConditions.java:183)
at org.openqa.selenium.support.ui.ExpectedConditions$6.apply(ExpectedConditions.java:180)
at org.openqa.selenium.support.ui.FluentWait.until(FluentWait.java:260)
... 39 more
... Removed 37 stack frames]]>
    </failure>
  </testcase> <!-- AccountCreation -->
  <testcase name="AccountRegistrationBtnClicked" time="5.995" classname="MainPageTest"/>
  <testcase name="AccountRegistrationOpenPopUp" time="6.09" classname="MainPageTest"/>
</testsuite>
